This is pdfTeX, Version 3.14159265-2.6-1.40.16 (TeX Live 2015/Debian) (preloaded format=pdflatex 2017.1.5)  25 JAN 2017 16:16
entering extended mode
 restricted \write18 enabled.
 %&-line parsing enabled.
**TesisTotal.tex
(./TesisTotal.tex
LaTeX2e <2016/02/01>
Babel <3.9q> and hyphenation patterns for 81 language(s) loaded.
(./thesisECFM.cls
Document Class: thesisECFM 2016/10/07 v1.5h, actualización de clase por Lic. W
illiam Gutiérrez, 2014/09/29 v1.4h. Standard LaTeX document class Book, clase 
generada en septiembre de 2015 por Lic. William Gutiérrez, para el formato de 
tesis de la Escuela de Ciencias Físicas y Matemáticas, USAC
(/usr/share/texlive/texmf-dist/tex/latex/base/bk12.clo
File: bk12.clo 2014/09/29 v1.4h Standard LaTeX file (size option)
)
\c@part=\count79
\c@chapter=\count80
\c@section=\count81
\c@subsection=\count82
\c@subsubsection=\count83
\c@paragraph=\count84
\c@subparagraph=\count85
\c@figure=\count86
\c@table=\count87
\abovecaptionskip=\skip41
\belowcaptionskip=\skip42
\bibindent=\dimen102
) (./macros.sty
(/usr/share/texlive/texmf-dist/tex/generic/babel/babel.sty
Package: babel 2016/02/24 3.9q The Babel package

(/usr/share/texlive/texmf-dist/tex/generic/babel-spanish/spanish.ldf
Language: spanish.ldf 2016/01/15 v5.0o Spanish support from the babel system

(/usr/share/texlive/texmf-dist/tex/generic/babel/babel.def
File: babel.def 2016/02/24 3.9q Babel common definitions
\babel@savecnt=\count88
\U@D=\dimen103
)
\es@quottoks=\toks14
\es@quotdepth=\count89
Package babel Info: Making " an active character on input line 533.
Package babel Info: Making . an active character on input line 634.
Package babel Info: Making < an active character on input line 679.
Package babel Info: Making > an active character on input line 679.
))
(/usr/share/texlive/texmf-dist/tex/latex/base/ifthen.sty
Package: ifthen 2014/09/29 v1.1c Standard LaTeX ifthen package (DPC)
)
(/usr/share/texlive/texmf-dist/tex/latex/textcase/textcase.sty
Package: textcase 2004/10/07 v0.07 Text only upper/lower case changing (DPC)
)
(/usr/share/texlive/texmf-dist/tex/latex/base/inputenc.sty
Package: inputenc 2015/03/17 v1.2c Input encoding file
\inpenc@prehook=\toks15
\inpenc@posthook=\toks16

(/usr/share/texlive/texmf-dist/tex/latex/base/utf8.def
File: utf8.def 2015/12/03 v1.1r UTF-8 support for inputenc
Now handling font encoding OML ...
... no UTF-8 mapping file for font encoding OML
Now handling font encoding T1 ...
... processing UTF-8 mapping file for font encoding T1

(/usr/share/texlive/texmf-dist/tex/latex/base/t1enc.dfu
File: t1enc.dfu 2015/12/03 v1.1r UTF-8 support for inputenc
   defining Unicode char U+00A0 (decimal 160)
   defining Unicode char U+00A1 (decimal 161)
   defining Unicode char U+00A3 (decimal 163)
   defining Unicode char U+00AB (decimal 171)
   defining Unicode char U+00AD (decimal 173)
   defining Unicode char U+00BB (decimal 187)
   defining Unicode char U+00BF (decimal 191)
   defining Unicode char U+00C0 (decimal 192)
   defining Unicode char U+00C1 (decimal 193)
   defining Unicode char U+00C2 (decimal 194)
   defining Unicode char U+00C3 (decimal 195)
   defining Unicode char U+00C4 (decimal 196)
   defining Unicode char U+00C5 (decimal 197)
   defining Unicode char U+00C6 (decimal 198)
   defining Unicode char U+00C7 (decimal 199)
   defining Unicode char U+00C8 (decimal 200)
   defining Unicode char U+00C9 (decimal 201)
   defining Unicode char U+00CA (decimal 202)
   defining Unicode char U+00CB (decimal 203)
   defining Unicode char U+00CC (decimal 204)
   defining Unicode char U+00CD (decimal 205)
   defining Unicode char U+00CE (decimal 206)
   defining Unicode char U+00CF (decimal 207)
   defining Unicode char U+00D0 (decimal 208)
   defining Unicode char U+00D1 (decimal 209)
   defining Unicode char U+00D2 (decimal 210)
   defining Unicode char U+00D3 (decimal 211)
   defining Unicode char U+00D4 (decimal 212)
   defining Unicode char U+00D5 (decimal 213)
   defining Unicode char U+00D6 (decimal 214)
   defining Unicode char U+00D8 (decimal 216)
   defining Unicode char U+00D9 (decimal 217)
   defining Unicode char U+00DA (decimal 218)
   defining Unicode char U+00DB (decimal 219)
   defining Unicode char U+00DC (decimal 220)
   defining Unicode char U+00DD (decimal 221)
   defining Unicode char U+00DE (decimal 222)
   defining Unicode char U+00DF (decimal 223)
   defining Unicode char U+00E0 (decimal 224)
   defining Unicode char U+00E1 (decimal 225)
   defining Unicode char U+00E2 (decimal 226)
   defining Unicode char U+00E3 (decimal 227)
   defining Unicode char U+00E4 (decimal 228)
   defining Unicode char U+00E5 (decimal 229)
   defining Unicode char U+00E6 (decimal 230)
   defining Unicode char U+00E7 (decimal 231)
   defining Unicode char U+00E8 (decimal 232)
   defining Unicode char U+00E9 (decimal 233)
   defining Unicode char U+00EA (decimal 234)
   defining Unicode char U+00EB (decimal 235)
   defining Unicode char U+00EC (decimal 236)
   defining Unicode char U+00ED (decimal 237)
   defining Unicode char U+00EE (decimal 238)
   defining Unicode char U+00EF (decimal 239)
   defining Unicode char U+00F0 (decimal 240)
   defining Unicode char U+00F1 (decimal 241)
   defining Unicode char U+00F2 (decimal 242)
   defining Unicode char U+00F3 (decimal 243)
   defining Unicode char U+00F4 (decimal 244)
   defining Unicode char U+00F5 (decimal 245)
   defining Unicode char U+00F6 (decimal 246)
   defining Unicode char U+00F8 (decimal 248)
   defining Unicode char U+00F9 (decimal 249)
   defining Unicode char U+00FA (decimal 250)
   defining Unicode char U+00FB (decimal 251)
   defining Unicode char U+00FC (decimal 252)
   defining Unicode char U+00FD (decimal 253)
   defining Unicode char U+00FE (decimal 254)
   defining Unicode char U+00FF (decimal 255)
   defining Unicode char U+0100 (decimal 256)
   defining Unicode char U+0101 (decimal 257)
   defining Unicode char U+0102 (decimal 258)
   defining Unicode char U+0103 (decimal 259)
   defining Unicode char U+0104 (decimal 260)
   defining Unicode char U+0105 (decimal 261)
   defining Unicode char U+0106 (decimal 262)
   defining Unicode char U+0107 (decimal 263)
   defining Unicode char U+0108 (decimal 264)
   defining Unicode char U+0109 (decimal 265)
   defining Unicode char U+010A (decimal 266)
   defining Unicode char U+010B (decimal 267)
   defining Unicode char U+010C (decimal 268)
   defining Unicode char U+010D (decimal 269)
   defining Unicode char U+010E (decimal 270)
   defining Unicode char U+010F (decimal 271)
   defining Unicode char U+0110 (decimal 272)
   defining Unicode char U+0111 (decimal 273)
   defining Unicode char U+0112 (decimal 274)
   defining Unicode char U+0113 (decimal 275)
   defining Unicode char U+0114 (decimal 276)
   defining Unicode char U+0115 (decimal 277)
   defining Unicode char U+0116 (decimal 278)
   defining Unicode char U+0117 (decimal 279)
   defining Unicode char U+0118 (decimal 280)
   defining Unicode char U+0119 (decimal 281)
   defining Unicode char U+011A (decimal 282)
   defining Unicode char U+011B (decimal 283)
   defining Unicode char U+011C (decimal 284)
   defining Unicode char U+011D (decimal 285)
   defining Unicode char U+011E (decimal 286)
   defining Unicode char U+011F (decimal 287)
   defining Unicode char U+0120 (decimal 288)
   defining Unicode char U+0121 (decimal 289)
   defining Unicode char U+0122 (decimal 290)
   defining Unicode char U+0123 (decimal 291)
   defining Unicode char U+0124 (decimal 292)
   defining Unicode char U+0125 (decimal 293)
   defining Unicode char U+0128 (decimal 296)
   defining Unicode char U+0129 (decimal 297)
   defining Unicode char U+012A (decimal 298)
   defining Unicode char U+012B (decimal 299)
   defining Unicode char U+012C (decimal 300)
   defining Unicode char U+012D (decimal 301)
   defining Unicode char U+012E (decimal 302)
   defining Unicode char U+012F (decimal 303)
   defining Unicode char U+0130 (decimal 304)
   defining Unicode char U+0131 (decimal 305)
   defining Unicode char U+0132 (decimal 306)
   defining Unicode char U+0133 (decimal 307)
   defining Unicode char U+0134 (decimal 308)
   defining Unicode char U+0135 (decimal 309)
   defining Unicode char U+0136 (decimal 310)
   defining Unicode char U+0137 (decimal 311)
   defining Unicode char U+0139 (decimal 313)
   defining Unicode char U+013A (decimal 314)
   defining Unicode char U+013B (decimal 315)
   defining Unicode char U+013C (decimal 316)
   defining Unicode char U+013D (decimal 317)
   defining Unicode char U+013E (decimal 318)
   defining Unicode char U+0141 (decimal 321)
   defining Unicode char U+0142 (decimal 322)
   defining Unicode char U+0143 (decimal 323)
   defining Unicode char U+0144 (decimal 324)
   defining Unicode char U+0145 (decimal 325)
   defining Unicode char U+0146 (decimal 326)
   defining Unicode char U+0147 (decimal 327)
   defining Unicode char U+0148 (decimal 328)
   defining Unicode char U+014A (decimal 330)
   defining Unicode char U+014B (decimal 331)
   defining Unicode char U+014C (decimal 332)
   defining Unicode char U+014D (decimal 333)
   defining Unicode char U+014E (decimal 334)
   defining Unicode char U+014F (decimal 335)
   defining Unicode char U+0150 (decimal 336)
   defining Unicode char U+0151 (decimal 337)
   defining Unicode char U+0152 (decimal 338)
   defining Unicode char U+0153 (decimal 339)
   defining Unicode char U+0154 (decimal 340)
   defining Unicode char U+0155 (decimal 341)
   defining Unicode char U+0156 (decimal 342)
   defining Unicode char U+0157 (decimal 343)
   defining Unicode char U+0158 (decimal 344)
   defining Unicode char U+0159 (decimal 345)
   defining Unicode char U+015A (decimal 346)
   defining Unicode char U+015B (decimal 347)
   defining Unicode char U+015C (decimal 348)
   defining Unicode char U+015D (decimal 349)
   defining Unicode char U+015E (decimal 350)
   defining Unicode char U+015F (decimal 351)
   defining Unicode char U+0160 (decimal 352)
   defining Unicode char U+0161 (decimal 353)
   defining Unicode char U+0162 (decimal 354)
   defining Unicode char U+0163 (decimal 355)
   defining Unicode char U+0164 (decimal 356)
   defining Unicode char U+0165 (decimal 357)
   defining Unicode char U+0168 (decimal 360)
   defining Unicode char U+0169 (decimal 361)
   defining Unicode char U+016A (decimal 362)
   defining Unicode char U+016B (decimal 363)
   defining Unicode char U+016C (decimal 364)
   defining Unicode char U+016D (decimal 365)
   defining Unicode char U+016E (decimal 366)
   defining Unicode char U+016F (decimal 367)
   defining Unicode char U+0170 (decimal 368)
   defining Unicode char U+0171 (decimal 369)
   defining Unicode char U+0172 (decimal 370)
   defining Unicode char U+0173 (decimal 371)
   defining Unicode char U+0174 (decimal 372)
   defining Unicode char U+0175 (decimal 373)
   defining Unicode char U+0176 (decimal 374)
   defining Unicode char U+0177 (decimal 375)
   defining Unicode char U+0178 (decimal 376)
   defining Unicode char U+0179 (decimal 377)
   defining Unicode char U+017A (decimal 378)
   defining Unicode char U+017B (decimal 379)
   defining Unicode char U+017C (decimal 380)
   defining Unicode char U+017D (decimal 381)
   defining Unicode char U+017E (decimal 382)
   defining Unicode char U+01CD (decimal 461)
   defining Unicode char U+01CE (decimal 462)
   defining Unicode char U+01CF (decimal 463)
   defining Unicode char U+01D0 (decimal 464)
   defining Unicode char U+01D1 (decimal 465)
   defining Unicode char U+01D2 (decimal 466)
   defining Unicode char U+01D3 (decimal 467)
   defining Unicode char U+01D4 (decimal 468)
   defining Unicode char U+01E2 (decimal 482)
   defining Unicode char U+01E3 (decimal 483)
   defining Unicode char U+01E6 (decimal 486)
   defining Unicode char U+01E7 (decimal 487)
   defining Unicode char U+01E8 (decimal 488)
   defining Unicode char U+01E9 (decimal 489)
   defining Unicode char U+01EA (decimal 490)
   defining Unicode char U+01EB (decimal 491)
   defining Unicode char U+01F0 (decimal 496)
   defining Unicode char U+01F4 (decimal 500)
   defining Unicode char U+01F5 (decimal 501)
   defining Unicode char U+0218 (decimal 536)
   defining Unicode char U+0219 (decimal 537)
   defining Unicode char U+021A (decimal 538)
   defining Unicode char U+021B (decimal 539)
   defining Unicode char U+01E02 (decimal 7682)
   defining Unicode char U+01E03 (decimal 7683)
   defining Unicode char U+200C (decimal 8204)
   defining Unicode char U+2013 (decimal 8211)
   defining Unicode char U+2014 (decimal 8212)
   defining Unicode char U+2018 (decimal 8216)
   defining Unicode char U+2019 (decimal 8217)
   defining Unicode char U+201A (decimal 8218)
   defining Unicode char U+201C (decimal 8220)
   defining Unicode char U+201D (decimal 8221)
   defining Unicode char U+201E (decimal 8222)
   defining Unicode char U+2030 (decimal 8240)
   defining Unicode char U+2031 (decimal 8241)
   defining Unicode char U+2039 (decimal 8249)
   defining Unicode char U+203A (decimal 8250)
   defining Unicode char U+2423 (decimal 9251)
)
Now handling font encoding OT1 ...
... processing UTF-8 mapping file for font encoding OT1

(/usr/share/texlive/texmf-dist/tex/latex/base/ot1enc.dfu
File: ot1enc.dfu 2015/12/03 v1.1r UTF-8 support for inputenc
   defining Unicode char U+00A0 (decimal 160)
   defining Unicode char U+00A1 (decimal 161)
   defining Unicode char U+00A3 (decimal 163)
   defining Unicode char U+00AD (decimal 173)
   defining Unicode char U+00B8 (decimal 184)
   defining Unicode char U+00BF (decimal 191)
   defining Unicode char U+00C5 (decimal 197)
   defining Unicode char U+00C6 (decimal 198)
   defining Unicode char U+00D8 (decimal 216)
   defining Unicode char U+00DF (decimal 223)
   defining Unicode char U+00E6 (decimal 230)
   defining Unicode char U+00EC (decimal 236)
   defining Unicode char U+00ED (decimal 237)
   defining Unicode char U+00EE (decimal 238)
   defining Unicode char U+00EF (decimal 239)
   defining Unicode char U+00F8 (decimal 248)
   defining Unicode char U+0131 (decimal 305)
   defining Unicode char U+0141 (decimal 321)
   defining Unicode char U+0142 (decimal 322)
   defining Unicode char U+0152 (decimal 338)
   defining Unicode char U+0153 (decimal 339)
   defining Unicode char U+0174 (decimal 372)
   defining Unicode char U+0175 (decimal 373)
   defining Unicode char U+0176 (decimal 374)
   defining Unicode char U+0177 (decimal 375)
   defining Unicode char U+0218 (decimal 536)
   defining Unicode char U+0219 (decimal 537)
   defining Unicode char U+021A (decimal 538)
   defining Unicode char U+021B (decimal 539)
   defining Unicode char U+2013 (decimal 8211)
   defining Unicode char U+2014 (decimal 8212)
   defining Unicode char U+2018 (decimal 8216)
   defining Unicode char U+2019 (decimal 8217)
   defining Unicode char U+201C (decimal 8220)
   defining Unicode char U+201D (decimal 8221)
)
Now handling font encoding OMS ...
... processing UTF-8 mapping file for font encoding OMS

(/usr/share/texlive/texmf-dist/tex/latex/base/omsenc.dfu
File: omsenc.dfu 2015/12/03 v1.1r UTF-8 support for inputenc
   defining Unicode char U+00A7 (decimal 167)
   defining Unicode char U+00B6 (decimal 182)
   defining Unicode char U+00B7 (decimal 183)
   defining Unicode char U+2020 (decimal 8224)
   defining Unicode char U+2021 (decimal 8225)
   defining Unicode char U+2022 (decimal 8226)
)
Now handling font encoding OMX ...
... no UTF-8 mapping file for font encoding OMX
Now handling font encoding U ...
... no UTF-8 mapping file for font encoding U
   defining Unicode char U+00A9 (decimal 169)
   defining Unicode char U+00AA (decimal 170)
   defining Unicode char U+00AE (decimal 174)
   defining Unicode char U+00BA (decimal 186)
   defining Unicode char U+02C6 (decimal 710)
   defining Unicode char U+02DC (decimal 732)
   defining Unicode char U+200C (decimal 8204)
   defining Unicode char U+2026 (decimal 8230)
   defining Unicode char U+2122 (decimal 8482)
   defining Unicode char U+2423 (decimal 9251)
))
(/usr/share/texlive/texmf-dist/tex/latex/base/fontenc.sty
Package: fontenc 2005/09/27 v1.99g Standard LaTeX package

(/usr/share/texlive/texmf-dist/tex/latex/base/t1enc.def
File: t1enc.def 2005/09/27 v1.99g Standard LaTeX file
LaTeX Font Info:    Redeclaring font encoding T1 on input line 48.
))
(/usr/share/texlive/texmf-dist/tex/latex/amsfonts/amsfonts.sty
Package: amsfonts 2013/01/14 v3.01 Basic AMSFonts support
\@emptytoks=\toks17
\symAMSa=\mathgroup4
\symAMSb=\mathgroup5
LaTeX Font Info:    Overwriting math alphabet `\mathfrak' in version `bold'
(Font)                  U/euf/m/n --> U/euf/b/n on input line 106.
)
(/usr/share/texlive/texmf-dist/tex/latex/amsmath/amsmath.sty
Package: amsmath 2016/03/03 v2.15a AMS math features
\@mathmargin=\skip43

For additional information on amsmath, use the `?' option.
(/usr/share/texlive/texmf-dist/tex/latex/amsmath/amstext.sty
Package: amstext 2000/06/29 v2.01 AMS text

(/usr/share/texlive/texmf-dist/tex/latex/amsmath/amsgen.sty
File: amsgen.sty 1999/11/30 v2.0 generic functions
\@emptytoks=\toks18
\ex@=\dimen104
))
(/usr/share/texlive/texmf-dist/tex/latex/amsmath/amsbsy.sty
Package: amsbsy 1999/11/29 v1.2d Bold Symbols
\pmbraise@=\dimen105
)
(/usr/share/texlive/texmf-dist/tex/latex/amsmath/amsopn.sty
Package: amsopn 1999/12/14 v2.01 operator names
)
\inf@bad=\count90
LaTeX Info: Redefining \frac on input line 199.
\uproot@=\count91
\leftroot@=\count92
LaTeX Info: Redefining \overline on input line 297.
\classnum@=\count93
\DOTSCASE@=\count94
LaTeX Info: Redefining \ldots on input line 394.
LaTeX Info: Redefining \dots on input line 397.
LaTeX Info: Redefining \cdots on input line 518.
\Mathstrutbox@=\box26
\strutbox@=\box27
\big@size=\dimen106
LaTeX Font Info:    Redeclaring font encoding OML on input line 630.
LaTeX Font Info:    Redeclaring font encoding OMS on input line 631.
\macc@depth=\count95
\c@MaxMatrixCols=\count96
\dotsspace@=\muskip10
\c@parentequation=\count97
\dspbrk@lvl=\count98
\tag@help=\toks19
\row@=\count99
\column@=\count100
\maxfields@=\count101
\andhelp@=\toks20
\eqnshift@=\dimen107
\alignsep@=\dimen108
\tagshift@=\dimen109
\tagwidth@=\dimen110
\totwidth@=\dimen111
\lineht@=\dimen112
\@envbody=\toks21
\multlinegap=\skip44
\multlinetaggap=\skip45
\mathdisplay@stack=\toks22
LaTeX Info: Redefining \[ on input line 2735.
LaTeX Info: Redefining \] on input line 2736.
)
(/usr/share/texlive/texmf-dist/tex/latex/amsfonts/amssymb.sty
Package: amssymb 2013/01/14 v3.01 AMS font symbols
)
(/usr/share/texlive/texmf-dist/tex/latex/amscls/amsthm.sty
Package: amsthm 2015/03/04 v2.20.2
\thm@style=\toks23
\thm@bodyfont=\toks24
\thm@headfont=\toks25
\thm@notefont=\toks26
\thm@headpunct=\toks27
\thm@preskip=\skip46
\thm@postskip=\skip47
\thm@headsep=\skip48
\dth@everypar=\toks28
)
(/usr/share/texlive/texmf-dist/tex/latex/jknapltx/mathrsfs.sty
Package: mathrsfs 1996/01/01 Math RSFS package v1.0 (jk)
\symrsfs=\mathgroup6
)
(/usr/share/texlive/texmf-dist/tex/latex/geometry/geometry.sty
Package: geometry 2010/09/12 v5.6 Page Geometry

(/usr/share/texlive/texmf-dist/tex/latex/graphics/keyval.sty
Package: keyval 2014/10/28 v1.15 key=value parser (DPC)
\KV@toks@=\toks29
)
(/usr/share/texlive/texmf-dist/tex/generic/oberdiek/ifpdf.sty
Package: ifpdf 2011/01/30 v2.3 Provides the ifpdf switch (HO)
Package ifpdf Info: pdfTeX in PDF mode is detected.
)
(/usr/share/texlive/texmf-dist/tex/generic/oberdiek/ifvtex.sty
Package: ifvtex 2010/03/01 v1.5 Detect VTeX and its facilities (HO)
Package ifvtex Info: VTeX not detected.
)
(/usr/share/texlive/texmf-dist/tex/generic/ifxetex/ifxetex.sty
Package: ifxetex 2010/09/12 v0.6 Provides ifxetex conditional
)
\Gm@cnth=\count102
\Gm@cntv=\count103
\c@Gm@tempcnt=\count104
\Gm@bindingoffset=\dimen113
\Gm@wd@mp=\dimen114
\Gm@odd@mp=\dimen115
\Gm@even@mp=\dimen116
\Gm@layoutwidth=\dimen117
\Gm@layoutheight=\dimen118
\Gm@layouthoffset=\dimen119
\Gm@layoutvoffset=\dimen120
\Gm@dimlist=\toks30
)
(/usr/share/texlive/texmf-dist/tex/latex/setspace/setspace.sty
Package: setspace 2011/12/19 v6.7a set line spacing
)
(/usr/share/texlive/texmf-dist/tex/latex/caption/caption.sty
Package: caption 2016/02/21 v3.3-144 Customizing captions (AR)

(/usr/share/texlive/texmf-dist/tex/latex/caption/caption3.sty
Package: caption3 2016/02/04 v1.7-139 caption3 kernel (AR)
Package caption3 Info: TeX engine: e-TeX on input line 67.
\captionmargin=\dimen121
\captionmargin@=\dimen122
\captionwidth=\dimen123
\caption@tempdima=\dimen124
\caption@indent=\dimen125
\caption@parindent=\dimen126
\caption@hangindent=\dimen127
)
\c@ContinuedFloat=\count105
)
(/usr/share/texlive/texmf-dist/tex/latex/graphics/color.sty
Package: color 2016/01/03 v1.1b Standard LaTeX Color (DPC)

(/usr/share/texlive/texmf-dist/tex/latex/latexconfig/color.cfg
File: color.cfg 2007/01/18 v1.5 color configuration of teTeX/TeXLive
)
Package color Info: Driver file: pdftex.def on input line 143.

(/usr/share/texlive/texmf-dist/tex/latex/pdftex-def/pdftex.def
File: pdftex.def 2011/05/27 v0.06d Graphics/color for pdfTeX

(/usr/share/texlive/texmf-dist/tex/generic/oberdiek/infwarerr.sty
Package: infwarerr 2010/04/08 v1.3 Providing info/warning/error messages (HO)
)
(/usr/share/texlive/texmf-dist/tex/generic/oberdiek/ltxcmds.sty
Package: ltxcmds 2011/11/09 v1.22 LaTeX kernel commands for general use (HO)
)
\Gread@gobject=\count106
))
(/usr/share/texlive/texmf-dist/tex/latex/tools/longtable.sty
Package: longtable 2014/10/28 v4.11 Multi-page Table package (DPC)
\LTleft=\skip49
\LTright=\skip50
\LTpre=\skip51
\LTpost=\skip52
\LTchunksize=\count107
\LTcapwidth=\dimen128
\LT@head=\box28
\LT@firsthead=\box29
\LT@foot=\box30
\LT@lastfoot=\box31
\LT@cols=\count108
\LT@rows=\count109
\c@LT@tables=\count110
\c@LT@chunks=\count111
\LT@p@ftn=\toks31
)
(/usr/share/texlive/texmf-dist/tex/latex/pdfpages/pdfpages.sty
Package: pdfpages 2015/09/18 v0.5d Insert pages of external PDF documents (AM)

(/usr/share/texlive/texmf-dist/tex/latex/tools/calc.sty
Package: calc 2014/10/28 v4.3 Infix arithmetic (KKT,FJ)
\calc@Acount=\count112
\calc@Bcount=\count113
\calc@Adimen=\dimen129
\calc@Bdimen=\dimen130
\calc@Askip=\skip53
\calc@Bskip=\skip54
LaTeX Info: Redefining \setlength on input line 80.
LaTeX Info: Redefining \addtolength on input line 81.
\calc@Ccount=\count114
\calc@Cskip=\skip55
)
(/usr/share/texlive/texmf-dist/tex/latex/eso-pic/eso-pic.sty
Package: eso-pic 2015/07/21 v2.0g eso-pic (RN)

(/usr/share/texlive/texmf-dist/tex/generic/oberdiek/atbegshi.sty
Package: atbegshi 2011/10/05 v1.16 At begin shipout hook (HO)
))
(/usr/share/texlive/texmf-dist/tex/latex/graphics/graphicx.sty
Package: graphicx 2014/10/28 v1.0g Enhanced LaTeX Graphics (DPC,SPQR)

(/usr/share/texlive/texmf-dist/tex/latex/graphics/graphics.sty
Package: graphics 2016/01/03 v1.0q Standard LaTeX Graphics (DPC,SPQR)

(/usr/share/texlive/texmf-dist/tex/latex/graphics/trig.sty
Package: trig 2016/01/03 v1.10 sin cos tan (DPC)
)
(/usr/share/texlive/texmf-dist/tex/latex/latexconfig/graphics.cfg
File: graphics.cfg 2010/04/23 v1.9 graphics configuration of TeX Live
)
Package graphics Info: Driver file: pdftex.def on input line 95.
)
\Gin@req@height=\dimen131
\Gin@req@width=\dimen132
)
\AM@pagewidth=\dimen133
\AM@pageheight=\dimen134

(/usr/share/texlive/texmf-dist/tex/latex/pdfpages/pppdftex.def
File: pppdftex.def 2015/09/18 v0.5d Pdfpages driver for pdfTeX (AM)
)
\AM@pagebox=\box32
\AM@toc@title=\toks32
\c@AM@survey=\count115
\AM@templatesizebox=\box33
)
(/usr/share/texlive/texmf-dist/tex/latex/hyperref/hyperref.sty
Package: hyperref 2012/11/06 v6.83m Hypertext links for LaTeX

(/usr/share/texlive/texmf-dist/tex/generic/oberdiek/hobsub-hyperref.sty
Package: hobsub-hyperref 2012/05/28 v1.13 Bundle oberdiek, subset hyperref (HO)


(/usr/share/texlive/texmf-dist/tex/generic/oberdiek/hobsub-generic.sty
Package: hobsub-generic 2012/05/28 v1.13 Bundle oberdiek, subset generic (HO)
Package: hobsub 2012/05/28 v1.13 Construct package bundles (HO)
Package hobsub Info: Skipping package `infwarerr' (already loaded).
Package hobsub Info: Skipping package `ltxcmds' (already loaded).
Package: ifluatex 2010/03/01 v1.3 Provides the ifluatex switch (HO)
Package ifluatex Info: LuaTeX not detected.
Package hobsub Info: Skipping package `ifvtex' (already loaded).
Package: intcalc 2007/09/27 v1.1 Expandable calculations with integers (HO)
Package hobsub Info: Skipping package `ifpdf' (already loaded).
Package: etexcmds 2011/02/16 v1.5 Avoid name clashes with e-TeX commands (HO)
Package etexcmds Info: Could not find \expanded.
(etexcmds)             That can mean that you are not using pdfTeX 1.50 or
(etexcmds)             that some package has redefined \expanded.
(etexcmds)             In the latter case, load this package earlier.
Package: kvsetkeys 2012/04/25 v1.16 Key value parser (HO)
Package: kvdefinekeys 2011/04/07 v1.3 Define keys (HO)
Package: pdftexcmds 2011/11/29 v0.20 Utility functions of pdfTeX for LuaTeX (HO
)
Package pdftexcmds Info: LuaTeX not detected.
Package pdftexcmds Info: \pdf@primitive is available.
Package pdftexcmds Info: \pdf@ifprimitive is available.
Package pdftexcmds Info: \pdfdraftmode found.
Package: pdfescape 2011/11/25 v1.13 Implements pdfTeX's escape features (HO)
Package: bigintcalc 2012/04/08 v1.3 Expandable calculations on big integers (HO
)
Package: bitset 2011/01/30 v1.1 Handle bit-vector datatype (HO)
Package: uniquecounter 2011/01/30 v1.2 Provide unlimited unique counter (HO)
)
Package hobsub Info: Skipping package `hobsub' (already loaded).
Package: letltxmacro 2010/09/02 v1.4 Let assignment for LaTeX macros (HO)
Package: hopatch 2012/05/28 v1.2 Wrapper for package hooks (HO)
Package: xcolor-patch 2011/01/30 xcolor patch
Package: atveryend 2011/06/30 v1.8 Hooks at the very end of document (HO)
Package atveryend Info: \enddocument detected (standard20110627).
Package hobsub Info: Skipping package `atbegshi' (already loaded).
Package: refcount 2011/10/16 v3.4 Data extraction from label references (HO)
Package: hycolor 2011/01/30 v1.7 Color options for hyperref/bookmark (HO)
)
(/usr/share/texlive/texmf-dist/tex/latex/oberdiek/auxhook.sty
Package: auxhook 2011/03/04 v1.3 Hooks for auxiliary files (HO)
)
(/usr/share/texlive/texmf-dist/tex/latex/oberdiek/kvoptions.sty
Package: kvoptions 2011/06/30 v3.11 Key value format for package options (HO)
)
\@linkdim=\dimen135
\Hy@linkcounter=\count116
\Hy@pagecounter=\count117

(/usr/share/texlive/texmf-dist/tex/latex/hyperref/pd1enc.def
File: pd1enc.def 2012/11/06 v6.83m Hyperref: PDFDocEncoding definition (HO)
Now handling font encoding PD1 ...
... no UTF-8 mapping file for font encoding PD1
)
\Hy@SavedSpaceFactor=\count118

(/usr/share/texlive/texmf-dist/tex/latex/latexconfig/hyperref.cfg
File: hyperref.cfg 2002/06/06 v1.2 hyperref configuration of TeXLive
)
Package hyperref Info: Hyper figures OFF on input line 4443.
Package hyperref Info: Link nesting OFF on input line 4448.
Package hyperref Info: Hyper index ON on input line 4451.
Package hyperref Info: Plain pages OFF on input line 4458.
Package hyperref Info: Backreferencing OFF on input line 4463.
Package hyperref Info: Implicit mode ON; LaTeX internals redefined.
Package hyperref Info: Bookmarks ON on input line 4688.
\c@Hy@tempcnt=\count119

(/usr/share/texlive/texmf-dist/tex/latex/url/url.sty
\Urlmuskip=\muskip11
Package: url 2013/09/16  ver 3.4  Verb mode for urls, etc.
)
LaTeX Info: Redefining \url on input line 5041.
\XeTeXLinkMargin=\dimen136
\Fld@menulength=\count120
\Field@Width=\dimen137
\Fld@charsize=\dimen138
Package hyperref Info: Hyper figures OFF on input line 6295.
Package hyperref Info: Link nesting OFF on input line 6300.
Package hyperref Info: Hyper index ON on input line 6303.
Package hyperref Info: backreferencing OFF on input line 6310.
Package hyperref Info: Link coloring OFF on input line 6315.
Package hyperref Info: Link coloring with OCG OFF on input line 6320.
Package hyperref Info: PDF/A mode OFF on input line 6325.
LaTeX Info: Redefining \ref on input line 6365.
LaTeX Info: Redefining \pageref on input line 6369.
\Hy@abspage=\count121
\c@Item=\count122
\c@Hfootnote=\count123
)

Package hyperref Message: Driver (autodetected): hpdftex.

(/usr/share/texlive/texmf-dist/tex/latex/hyperref/hpdftex.def
File: hpdftex.def 2012/11/06 v6.83m Hyperref driver for pdfTeX
\Fld@listcount=\count124
\c@bookmark@seq@number=\count125

(/usr/share/texlive/texmf-dist/tex/latex/oberdiek/rerunfilecheck.sty
Package: rerunfilecheck 2011/04/15 v1.7 Rerun checks for auxiliary files (HO)
Package uniquecounter Info: New unique counter `rerunfilecheck' on input line 2
82.
)
\Hy@SectionHShift=\skip56
))
\c@thm=\count126
\c@cor=\count127
\c@lem=\count128
\c@prp=\count129
\c@exa=\count130
\c@defn=\count131
\c@axm=\count132
\c@rem=\count133

(./TesisTotal.aux
LaTeX Info: Redefining \. on input line 23.
LaTeX Info: Redefining \% on input line 23.
 (./agradecimientos.aux) (./dedicatoria.aux) (./simbolos.aux)
(./objetivos.aux) (./introduccion.aux) (./tch1.aux) (./c_y_r.aux)
(./bbtesis.aux))
\openout1 = `TesisTotal.aux'.

LaTeX Font Info:    Checking defaults for OML/cmm/m/it on input line 72.
LaTeX Font Info:    ... okay on input line 72.
LaTeX Font Info:    Checking defaults for T1/cmr/m/n on input line 72.
LaTeX Font Info:    ... okay on input line 72.
LaTeX Font Info:    Checking defaults for OT1/cmr/m/n on input line 72.
LaTeX Font Info:    ... okay on input line 72.
LaTeX Font Info:    Checking defaults for OMS/cmsy/m/n on input line 72.
LaTeX Font Info:    ... okay on input line 72.
LaTeX Font Info:    Checking defaults for OMX/cmex/m/n on input line 72.
LaTeX Font Info:    ... okay on input line 72.
LaTeX Font Info:    Checking defaults for U/cmr/m/n on input line 72.
LaTeX Font Info:    ... okay on input line 72.
LaTeX Font Info:    Checking defaults for PD1/pdf/m/n on input line 72.
LaTeX Font Info:    ... okay on input line 72.
LaTeX Info: Redefining \. on input line 72.
LaTeX Info: Redefining \% on input line 72.

*geometry* driver: auto-detecting
*geometry* detected driver: pdftex
*geometry* verbose mode - [ preamble ] result:
* driver: pdftex
* paper: letterpaper
* layout: <same size as paper>
* layoutoffset:(h,v)=(0.0pt,0.0pt)
* modes: twoside 
* h-part:(L,W,R)=(115.63243pt, 426.39258pt, 72.26999pt)
* v-part:(T,H,B)=(72.26999pt, 650.43001pt, 72.26999pt)
* \paperwidth=614.295pt
* \paperheight=794.96999pt
* \textwidth=426.39258pt
* \textheight=650.43001pt
* \oddsidemargin=43.36244pt
* \evensidemargin=0.0pt
* \topmargin=-31.8738pt
* \headheight=12.0pt
* \headsep=19.8738pt
* \topskip=12.0pt
* \footskip=30.0pt
* \marginparwidth=98.0pt
* \marginparsep=7.0pt
* \columnsep=10.0pt
* \skip\footins=10.8pt plus 4.0pt minus 2.0pt
* \hoffset=0.0pt
* \voffset=0.0pt
* \mag=1000
* \@twocolumnfalse
* \@twosidetrue
* \@mparswitchtrue
* \@reversemarginfalse
* (1in=72.27pt=25.4mm, 1cm=28.453pt)

Package caption Info: Begin \AtBeginDocument code.
Package caption Info: hyperref package is loaded.
Package caption Info: longtable package is loaded.
(/usr/share/texlive/texmf-dist/tex/latex/caption/ltcaption.sty
Package: ltcaption 2013/06/09 v1.4-94 longtable captions (AR)
)
Package caption Info: End \AtBeginDocument code.

(/usr/share/texlive/texmf-dist/tex/context/base/supp-pdf.mkii
[Loading MPS to PDF converter (version 2006.09.02).]
\scratchcounter=\count134
\scratchdimen=\dimen139
\scratchbox=\box34
\nofMPsegments=\count135
\nofMParguments=\count136
\everyMPshowfont=\toks33
\MPscratchCnt=\count137
\MPscratchDim=\dimen140
\MPnumerator=\count138
\makeMPintoPDFobject=\count139
\everyMPtoPDFconversion=\toks34
)
\AtBeginShipoutBox=\box35
 (/usr/share/texlive/texmf-dist/tex/latex/oberdiek/epstopdf-base.sty
Package: epstopdf-base 2010/02/09 v2.5 Base part for package epstopdf

(/usr/share/texlive/texmf-dist/tex/latex/oberdiek/grfext.sty
Package: grfext 2010/08/19 v1.1 Manage graphics extensions (HO)
)
Package grfext Info: Graphics extension search list:
(grfext)             [.png,.pdf,.jpg,.mps,.jpeg,.jbig2,.jb2,.PNG,.PDF,.JPG,.JPE
G,.JBIG2,.JB2,.eps]
(grfext)             \AppendGraphicsExtensions on input line 452.

(/usr/share/texlive/texmf-dist/tex/latex/latexconfig/epstopdf-sys.cfg
File: epstopdf-sys.cfg 2010/07/13 v1.3 Configuration of (r)epstopdf for TeX Liv
e
))
(/usr/share/texlive/texmf-dist/tex/latex/oberdiek/pdflscape.sty
Package: pdflscape 2008/08/11 v0.10 Display of landscape pages in PDF (HO)

(/usr/share/texlive/texmf-dist/tex/latex/graphics/lscape.sty
Package: lscape 2000/10/22 v3.01 Landscape Pages (DPC)
)
Package pdflscape Info: Auto-detected driver: pdftex on input line 80.
)
Package hyperref Info: Link coloring OFF on input line 72.

(/usr/share/texlive/texmf-dist/tex/latex/hyperref/nameref.sty
Package: nameref 2012/10/27 v2.43 Cross-referencing by name of section

(/usr/share/texlive/texmf-dist/tex/generic/oberdiek/gettitlestring.sty
Package: gettitlestring 2010/12/03 v1.4 Cleanup title references (HO)
)
\c@section@level=\count140
)
LaTeX Info: Redefining \ref on input line 72.
LaTeX Info: Redefining \pageref on input line 72.
LaTeX Info: Redefining \nameref on input line 72.

(./TesisTotal.out) (./TesisTotal.out)
\@outlinefile=\write3
\openout3 = `TesisTotal.out'.

Package babel Info: Redefining spanish shorthand <<
(babel)             in language  on input line 81.
Package babel Info: Redefining spanish shorthand >>
(babel)             in language  on input line 81.
Package babel Info: Redefining spanish shorthand "=
(babel)             in language  on input line 81.
Package babel Info: Redefining spanish shorthand "~
(babel)             in language  on input line 81.
Package babel Info: Redefining spanish shorthand "!
(babel)             in language  on input line 81.
Package babel Info: Redefining spanish shorthand "?
(babel)             in language  on input line 81.
Package babel Info: Redefining spanish shorthand <<
(babel)             in language  on input line 81.
Package babel Info: Redefining spanish shorthand >>
(babel)             in language  on input line 81.
Package babel Info: Redefining spanish shorthand "=
(babel)             in language  on input line 81.
Package babel Info: Redefining spanish shorthand "~
(babel)             in language  on input line 81.
Package babel Info: Redefining spanish shorthand "!
(babel)             in language  on input line 81.
Package babel Info: Redefining spanish shorthand "?
(babel)             in language  on input line 81.
Package babel Info: Redefining spanish shorthand <<
(babel)             in language  on input line 81.
Package babel Info: Redefining spanish shorthand >>
(babel)             in language  on input line 81.
Package babel Info: Redefining spanish shorthand "=
(babel)             in language  on input line 81.
Package babel Info: Redefining spanish shorthand "~
(babel)             in language  on input line 81.
Package babel Info: Redefining spanish shorthand "!
(babel)             in language  on input line 81.
Package babel Info: Redefining spanish shorthand "?
(babel)             in language  on input line 81.
Package babel Info: Redefining spanish shorthand <<
(babel)             in language  on input line 81.
Package babel Info: Redefining spanish shorthand >>
(babel)             in language  on input line 81.
Package babel Info: Redefining spanish shorthand "=
(babel)             in language  on input line 81.
Package babel Info: Redefining spanish shorthand "~
(babel)             in language  on input line 81.
Package babel Info: Redefining spanish shorthand "!
(babel)             in language  on input line 81.
Package babel Info: Redefining spanish shorthand "?
(babel)             in language  on input line 81.


Package hyperref Warning: Option `pdfstartview' has already been used,
(hyperref)                setting the option has no effect on input line 81.

Package hyperref Info: Option `plainpages' set `false' on input line 81.
Package hyperref Info: Option `bookmarksnumbered' set `true' on input line 81.
Package babel Info: Redefining spanish shorthand <<
(babel)             in language  on input line 81.
Package babel Info: Redefining spanish shorthand >>
(babel)             in language  on input line 81.
Package babel Info: Redefining spanish shorthand "=
(babel)             in language  on input line 81.
Package babel Info: Redefining spanish shorthand "~
(babel)             in language  on input line 81.
Package babel Info: Redefining spanish shorthand "!
(babel)             in language  on input line 81.
Package babel Info: Redefining spanish shorthand "?
(babel)             in language  on input line 81.
<escudo-eps-converted-to.pdf, id=56, 652.4375pt x 652.4375pt>
File: escudo-eps-converted-to.pdf Graphic file (type pdf)

<use escudo-eps-converted-to.pdf>
Package pdftex.def Info: escudo-eps-converted-to.pdf used on input line 81.
(pdftex.def)             Requested size: 71.13188pt x 71.1312pt.
Package babel Info: Redefining spanish shorthand <<
(babel)             in language  on input line 81.
Package babel Info: Redefining spanish shorthand >>
(babel)             in language  on input line 81.
Package babel Info: Redefining spanish shorthand "=
(babel)             in language  on input line 81.
Package babel Info: Redefining spanish shorthand "~
(babel)             in language  on input line 81.
Package babel Info: Redefining spanish shorthand "!
(babel)             in language  on input line 81.
Package babel Info: Redefining spanish shorthand "?
(babel)             in language  on input line 81.
Package babel Info: Redefining spanish shorthand <<
(babel)             in language  on input line 81.
Package babel Info: Redefining spanish shorthand >>
(babel)             in language  on input line 81.
Package babel Info: Redefining spanish shorthand "=
(babel)             in language  on input line 81.
Package babel Info: Redefining spanish shorthand "~
(babel)             in language  on input line 81.
Package babel Info: Redefining spanish shorthand "!
(babel)             in language  on input line 81.
Package babel Info: Redefining spanish shorthand "?
(babel)             in language  on input line 81.
 [1

{/var/lib/texmf/fonts/map/pdftex/updmap/pdftex.map} <./escudo-eps-converted-to.
pdf>]
Package babel Info: Redefining spanish shorthand <<
(babel)             in language  on input line 81.
Package babel Info: Redefining spanish shorthand >>
(babel)             in language  on input line 81.
Package babel Info: Redefining spanish shorthand "=
(babel)             in language  on input line 81.
Package babel Info: Redefining spanish shorthand "~
(babel)             in language  on input line 81.
Package babel Info: Redefining spanish shorthand "!
(babel)             in language  on input line 81.
Package babel Info: Redefining spanish shorthand "?
(babel)             in language  on input line 81.
Package babel Info: Redefining spanish shorthand <<
(babel)             in language  on input line 81.
Package babel Info: Redefining spanish shorthand >>
(babel)             in language  on input line 81.
Package babel Info: Redefining spanish shorthand "=
(babel)             in language  on input line 81.
Package babel Info: Redefining spanish shorthand "~
(babel)             in language  on input line 81.
Package babel Info: Redefining spanish shorthand "!
(babel)             in language  on input line 81.
Package babel Info: Redefining spanish shorthand "?
(babel)             in language  on input line 81.
 [2]
Package babel Info: Redefining spanish shorthand <<
(babel)             in language  on input line 81.
Package babel Info: Redefining spanish shorthand >>
(babel)             in language  on input line 81.
Package babel Info: Redefining spanish shorthand "=
(babel)             in language  on input line 81.
Package babel Info: Redefining spanish shorthand "~
(babel)             in language  on input line 81.
Package babel Info: Redefining spanish shorthand "!
(babel)             in language  on input line 81.
Package babel Info: Redefining spanish shorthand "?
(babel)             in language  on input line 81.
Package epstopdf Info: Source file: <escudo.eps>
(epstopdf)                    date: 2006-06-23 01:29:24
(epstopdf)                    size: 529413 bytes
(epstopdf)             Output file: <escudo-eps-converted-to.pdf>
(epstopdf)                    date: 2015-09-15 18:22:54
(epstopdf)                    size: 171705 bytes
(epstopdf)             Command: <repstopdf --outfile=escudo-eps-converted-to.pd
f escudo.eps>
(epstopdf)             \includegraphics on input line 81.
Package epstopdf Info: Output file is already uptodate.
File: escudo-eps-converted-to.pdf Graphic file (type pdf)

<use escudo-eps-converted-to.pdf>
Package pdftex.def Info: escudo-eps-converted-to.pdf used on input line 81.
(pdftex.def)             Requested size: 118.07875pt x 118.07082pt.
LaTeX Font Info:    Try loading font information for U+msa on input line 81.

(/usr/share/texlive/texmf-dist/tex/latex/amsfonts/umsa.fd
File: umsa.fd 2013/01/14 v3.01 AMS symbols A
)
LaTeX Font Info:    Try loading font information for U+msb on input line 81.

(/usr/share/texlive/texmf-dist/tex/latex/amsfonts/umsb.fd
File: umsb.fd 2013/01/14 v3.01 AMS symbols B
)
LaTeX Font Info:    Try loading font information for U+rsfs on input line 81.

(/usr/share/texlive/texmf-dist/tex/latex/jknapltx/ursfs.fd
File: ursfs.fd 1998/03/24 rsfs font definition file (jk)
)
Package babel Info: Redefining spanish shorthand <<
(babel)             in language  on input line 81.
Package babel Info: Redefining spanish shorthand >>
(babel)             in language  on input line 81.
Package babel Info: Redefining spanish shorthand "=
(babel)             in language  on input line 81.
Package babel Info: Redefining spanish shorthand "~
(babel)             in language  on input line 81.
Package babel Info: Redefining spanish shorthand "!
(babel)             in language  on input line 81.
Package babel Info: Redefining spanish shorthand "?
(babel)             in language  on input line 81.
Package babel Info: Redefining spanish shorthand <<
(babel)             in language  on input line 81.
Package babel Info: Redefining spanish shorthand >>
(babel)             in language  on input line 81.
Package babel Info: Redefining spanish shorthand "=
(babel)             in language  on input line 81.
Package babel Info: Redefining spanish shorthand "~
(babel)             in language  on input line 81.
Package babel Info: Redefining spanish shorthand "!
(babel)             in language  on input line 81.
Package babel Info: Redefining spanish shorthand "?
(babel)             in language  on input line 81.
 [3]
Package babel Info: Redefining spanish shorthand <<
(babel)             in language  on input line 81.
Package babel Info: Redefining spanish shorthand >>
(babel)             in language  on input line 81.
Package babel Info: Redefining spanish shorthand "=
(babel)             in language  on input line 81.
Package babel Info: Redefining spanish shorthand "~
(babel)             in language  on input line 81.
Package babel Info: Redefining spanish shorthand "!
(babel)             in language  on input line 81.
Package babel Info: Redefining spanish shorthand "?
(babel)             in language  on input line 81.
Package babel Info: Redefining spanish shorthand <<
(babel)             in language  on input line 81.
Package babel Info: Redefining spanish shorthand >>
(babel)             in language  on input line 81.
Package babel Info: Redefining spanish shorthand "=
(babel)             in language  on input line 81.
Package babel Info: Redefining spanish shorthand "~
(babel)             in language  on input line 81.
Package babel Info: Redefining spanish shorthand "!
(babel)             in language  on input line 81.
Package babel Info: Redefining spanish shorthand "?
(babel)             in language  on input line 81.
 [4]
Package babel Info: Redefining spanish shorthand <<
(babel)             in language  on input line 89.
Package babel Info: Redefining spanish shorthand >>
(babel)             in language  on input line 89.
Package babel Info: Redefining spanish shorthand "=
(babel)             in language  on input line 89.
Package babel Info: Redefining spanish shorthand "~
(babel)             in language  on input line 89.
Package babel Info: Redefining spanish shorthand "!
(babel)             in language  on input line 89.
Package babel Info: Redefining spanish shorthand "?
(babel)             in language  on input line 89.
Package epstopdf Info: Source file: <escudo.eps>
(epstopdf)                    date: 2006-06-23 01:29:24
(epstopdf)                    size: 529413 bytes
(epstopdf)             Output file: <escudo-eps-converted-to.pdf>
(epstopdf)                    date: 2015-09-15 18:22:54
(epstopdf)                    size: 171705 bytes
(epstopdf)             Command: <repstopdf --outfile=escudo-eps-converted-to.pd
f escudo.eps>
(epstopdf)             \includegraphics on input line 89.
Package epstopdf Info: Output file is already uptodate.
File: escudo-eps-converted-to.pdf Graphic file (type pdf)

<use escudo-eps-converted-to.pdf>
Package pdftex.def Info: escudo-eps-converted-to.pdf used on input line 89.
(pdftex.def)             Requested size: 118.07875pt x 118.07082pt.
Package babel Info: Redefining spanish shorthand <<
(babel)             in language  on input line 89.
Package babel Info: Redefining spanish shorthand >>
(babel)             in language  on input line 89.
Package babel Info: Redefining spanish shorthand "=
(babel)             in language  on input line 89.
Package babel Info: Redefining spanish shorthand "~
(babel)             in language  on input line 89.
Package babel Info: Redefining spanish shorthand "!
(babel)             in language  on input line 89.
Package babel Info: Redefining spanish shorthand "?
(babel)             in language  on input line 89.
Package babel Info: Redefining spanish shorthand <<
(babel)             in language  on input line 89.
Package babel Info: Redefining spanish shorthand >>
(babel)             in language  on input line 89.
Package babel Info: Redefining spanish shorthand "=
(babel)             in language  on input line 89.
Package babel Info: Redefining spanish shorthand "~
(babel)             in language  on input line 89.
Package babel Info: Redefining spanish shorthand "!
(babel)             in language  on input line 89.
Package babel Info: Redefining spanish shorthand "?
(babel)             in language  on input line 89.
 [5]
Package babel Info: Redefining spanish shorthand <<
(babel)             in language  on input line 89.
Package babel Info: Redefining spanish shorthand >>
(babel)             in language  on input line 89.
Package babel Info: Redefining spanish shorthand "=
(babel)             in language  on input line 89.
Package babel Info: Redefining spanish shorthand "~
(babel)             in language  on input line 89.
Package babel Info: Redefining spanish shorthand "!
(babel)             in language  on input line 89.
Package babel Info: Redefining spanish shorthand "?
(babel)             in language  on input line 89.
Package babel Info: Redefining spanish shorthand <<
(babel)             in language  on input line 89.
Package babel Info: Redefining spanish shorthand >>
(babel)             in language  on input line 89.
Package babel Info: Redefining spanish shorthand "=
(babel)             in language  on input line 89.
Package babel Info: Redefining spanish shorthand "~
(babel)             in language  on input line 89.
Package babel Info: Redefining spanish shorthand "!
(babel)             in language  on input line 89.
Package babel Info: Redefining spanish shorthand "?
(babel)             in language  on input line 89.
 [6]
<ordenImpresion.pdf, id=91, 614.295pt x 794.97pt>
File: ordenImpresion.pdf Graphic file (type pdf)
 <use ordenImpresion.pdf>
Package pdftex.def Info: ordenImpresion.pdf used on input line 93.
(pdftex.def)             Requested size: 614.29349pt x 794.96806pt.
File: ordenImpresion.pdf Graphic file (type pdf)

<use ordenImpresion.pdf>
Package pdftex.def Info: ordenImpresion.pdf used on input line 93.
(pdftex.def)             Requested size: 614.29349pt x 794.96806pt.

<ordenImpresion.pdf, id=94, page=1, 614.295pt x 794.97pt>
File: ordenImpresion.pdf Graphic file (type pdf)

<use ordenImpresion.pdf, page 1>
Package pdftex.def Info: ordenImpresion.pdf, page1 used on input line 93.
(pdftex.def)             Requested size: 614.29349pt x 794.96806pt.
File: ordenImpresion.pdf Graphic file (type pdf)
 <use ordenImpresion.pdf, page 1>
Package pdftex.def Info: ordenImpresion.pdf, page1 used on input line 93.
(pdftex.def)             Requested size: 614.58406pt x 795.3441pt.
File: ordenImpresion.pdf Graphic file (type pdf)

<use ordenImpresion.pdf, page 1>
Package pdftex.def Info: ordenImpresion.pdf, page1 used on input line 93.
(pdftex.def)             Requested size: 614.58406pt x 795.3441pt.
File: ordenImpresion.pdf Graphic file (type pdf)
 <use ordenImpresion.pdf, page 1>
Package pdftex.def Info: ordenImpresion.pdf, page1 used on input line 93.
(pdftex.def)             Requested size: 614.58406pt x 795.3441pt.
File: ordenImpresion.pdf Graphic file (type pdf)

<use ordenImpresion.pdf, page 1>
Package pdftex.def Info: ordenImpresion.pdf, page1 used on input line 93.
(pdftex.def)             Requested size: 614.58406pt x 795.3441pt.
Package babel Info: Redefining spanish shorthand <<
(babel)             in language  on input line 93.
Package babel Info: Redefining spanish shorthand >>
(babel)             in language  on input line 93.
Package babel Info: Redefining spanish shorthand "=
(babel)             in language  on input line 93.
Package babel Info: Redefining spanish shorthand "~
(babel)             in language  on input line 93.
Package babel Info: Redefining spanish shorthand "!
(babel)             in language  on input line 93.
Package babel Info: Redefining spanish shorthand "?
(babel)             in language  on input line 93.
Package babel Info: Redefining spanish shorthand <<
(babel)             in language  on input line 93.
Package babel Info: Redefining spanish shorthand >>
(babel)             in language  on input line 93.
Package babel Info: Redefining spanish shorthand "=
(babel)             in language  on input line 93.
Package babel Info: Redefining spanish shorthand "~
(babel)             in language  on input line 93.
Package babel Info: Redefining spanish shorthand "!
(babel)             in language  on input line 93.
Package babel Info: Redefining spanish shorthand "?
(babel)             in language  on input line 93.
 [7 <./ordenImpresion.pdf>]
\openout2 = `agradecimientos.aux'.


(./agradecimientos.tex
Package babel Info: Redefining spanish shorthand <<
(babel)             in language  on input line 2.
Package babel Info: Redefining spanish shorthand >>
(babel)             in language  on input line 2.
Package babel Info: Redefining spanish shorthand "=
(babel)             in language  on input line 2.
Package babel Info: Redefining spanish shorthand "~
(babel)             in language  on input line 2.
Package babel Info: Redefining spanish shorthand "!
(babel)             in language  on input line 2.
Package babel Info: Redefining spanish shorthand "?
(babel)             in language  on input line 2.
Package babel Info: Redefining spanish shorthand <<
(babel)             in language  on input line 2.
Package babel Info: Redefining spanish shorthand >>
(babel)             in language  on input line 2.
Package babel Info: Redefining spanish shorthand "=
(babel)             in language  on input line 2.
Package babel Info: Redefining spanish shorthand "~
(babel)             in language  on input line 2.
Package babel Info: Redefining spanish shorthand "!
(babel)             in language  on input line 2.
Package babel Info: Redefining spanish shorthand "?
(babel)             in language  on input line 2.
 [8


])
Package babel Info: Redefining spanish shorthand <<
(babel)             in language  on input line 95.
Package babel Info: Redefining spanish shorthand >>
(babel)             in language  on input line 95.
Package babel Info: Redefining spanish shorthand "=
(babel)             in language  on input line 95.
Package babel Info: Redefining spanish shorthand "~
(babel)             in language  on input line 95.
Package babel Info: Redefining spanish shorthand "!
(babel)             in language  on input line 95.
Package babel Info: Redefining spanish shorthand "?
(babel)             in language  on input line 95.
Package babel Info: Redefining spanish shorthand <<
(babel)             in language  on input line 95.
Package babel Info: Redefining spanish shorthand >>
(babel)             in language  on input line 95.
Package babel Info: Redefining spanish shorthand "=
(babel)             in language  on input line 95.
Package babel Info: Redefining spanish shorthand "~
(babel)             in language  on input line 95.
Package babel Info: Redefining spanish shorthand "!
(babel)             in language  on input line 95.
Package babel Info: Redefining spanish shorthand "?
(babel)             in language  on input line 95.
 [9]
\openout2 = `dedicatoria.aux'.

 (./dedicatoria.tex
Package babel Info: Redefining spanish shorthand <<
(babel)             in language  on input line 2.
Package babel Info: Redefining spanish shorthand >>
(babel)             in language  on input line 2.
Package babel Info: Redefining spanish shorthand "=
(babel)             in language  on input line 2.
Package babel Info: Redefining spanish shorthand "~
(babel)             in language  on input line 2.
Package babel Info: Redefining spanish shorthand "!
(babel)             in language  on input line 2.
Package babel Info: Redefining spanish shorthand "?
(babel)             in language  on input line 2.
Package babel Info: Redefining spanish shorthand <<
(babel)             in language  on input line 2.
Package babel Info: Redefining spanish shorthand >>
(babel)             in language  on input line 2.
Package babel Info: Redefining spanish shorthand "=
(babel)             in language  on input line 2.
Package babel Info: Redefining spanish shorthand "~
(babel)             in language  on input line 2.
Package babel Info: Redefining spanish shorthand "!
(babel)             in language  on input line 2.
Package babel Info: Redefining spanish shorthand "?
(babel)             in language  on input line 2.
 [10



])
Package babel Info: Redefining spanish shorthand <<
(babel)             in language  on input line 99.
Package babel Info: Redefining spanish shorthand >>
(babel)             in language  on input line 99.
Package babel Info: Redefining spanish shorthand "=
(babel)             in language  on input line 99.
Package babel Info: Redefining spanish shorthand "~
(babel)             in language  on input line 99.
Package babel Info: Redefining spanish shorthand "!
(babel)             in language  on input line 99.
Package babel Info: Redefining spanish shorthand "?
(babel)             in language  on input line 99.
Package babel Info: Redefining spanish shorthand <<
(babel)             in language  on input line 99.
Package babel Info: Redefining spanish shorthand >>
(babel)             in language  on input line 99.
Package babel Info: Redefining spanish shorthand "=
(babel)             in language  on input line 99.
Package babel Info: Redefining spanish shorthand "~
(babel)             in language  on input line 99.
Package babel Info: Redefining spanish shorthand "!
(babel)             in language  on input line 99.
Package babel Info: Redefining spanish shorthand "?
(babel)             in language  on input line 99.
 [11]
Package babel Info: Redefining spanish shorthand <<
(babel)             in language  on input line 103.
Package babel Info: Redefining spanish shorthand >>
(babel)             in language  on input line 103.
Package babel Info: Redefining spanish shorthand "=
(babel)             in language  on input line 103.
Package babel Info: Redefining spanish shorthand "~
(babel)             in language  on input line 103.
Package babel Info: Redefining spanish shorthand "!
(babel)             in language  on input line 103.
Package babel Info: Redefining spanish shorthand "?
(babel)             in language  on input line 103.
Package babel Info: Redefining spanish shorthand <<
(babel)             in language  on input line 103.
Package babel Info: Redefining spanish shorthand >>
(babel)             in language  on input line 103.
Package babel Info: Redefining spanish shorthand "=
(babel)             in language  on input line 103.
Package babel Info: Redefining spanish shorthand "~
(babel)             in language  on input line 103.
Package babel Info: Redefining spanish shorthand "!
(babel)             in language  on input line 103.
Package babel Info: Redefining spanish shorthand "?
(babel)             in language  on input line 103.
 [12


]
(./TesisTotal.toc
LaTeX Info: Redefining \. on input line 1.
LaTeX Info: Redefining \% on input line 1.
)
\tf@toc=\write4
\openout4 = `TesisTotal.toc'.

Package babel Info: Redefining spanish shorthand <<
(babel)             in language  on input line 111.
Package babel Info: Redefining spanish shorthand >>
(babel)             in language  on input line 111.
Package babel Info: Redefining spanish shorthand "=
(babel)             in language  on input line 111.
Package babel Info: Redefining spanish shorthand "~
(babel)             in language  on input line 111.
Package babel Info: Redefining spanish shorthand "!
(babel)             in language  on input line 111.
Package babel Info: Redefining spanish shorthand "?
(babel)             in language  on input line 111.
Package babel Info: Redefining spanish shorthand <<
(babel)             in language  on input line 111.
Package babel Info: Redefining spanish shorthand >>
(babel)             in language  on input line 111.
Package babel Info: Redefining spanish shorthand "=
(babel)             in language  on input line 111.
Package babel Info: Redefining spanish shorthand "~
(babel)             in language  on input line 111.
Package babel Info: Redefining spanish shorthand "!
(babel)             in language  on input line 111.
Package babel Info: Redefining spanish shorthand "?
(babel)             in language  on input line 111.
 [1

]
Package babel Info: Redefining spanish shorthand <<
(babel)             in language  on input line 111.
Package babel Info: Redefining spanish shorthand >>
(babel)             in language  on input line 111.
Package babel Info: Redefining spanish shorthand "=
(babel)             in language  on input line 111.
Package babel Info: Redefining spanish shorthand "~
(babel)             in language  on input line 111.
Package babel Info: Redefining spanish shorthand "!
(babel)             in language  on input line 111.
Package babel Info: Redefining spanish shorthand "?
(babel)             in language  on input line 111.
Package babel Info: Redefining spanish shorthand <<
(babel)             in language  on input line 111.
Package babel Info: Redefining spanish shorthand >>
(babel)             in language  on input line 111.
Package babel Info: Redefining spanish shorthand "=
(babel)             in language  on input line 111.
Package babel Info: Redefining spanish shorthand "~
(babel)             in language  on input line 111.
Package babel Info: Redefining spanish shorthand "!
(babel)             in language  on input line 111.
Package babel Info: Redefining spanish shorthand "?
(babel)             in language  on input line 111.
 [2

] (./TesisTotal.lof
LaTeX Info: Redefining \. on input line 1.
LaTeX Info: Redefining \% on input line 1.
)
\tf@lof=\write5
\openout5 = `TesisTotal.lof'.

Package babel Info: Redefining spanish shorthand <<
(babel)             in language  on input line 111.
Package babel Info: Redefining spanish shorthand >>
(babel)             in language  on input line 111.
Package babel Info: Redefining spanish shorthand "=
(babel)             in language  on input line 111.
Package babel Info: Redefining spanish shorthand "~
(babel)             in language  on input line 111.
Package babel Info: Redefining spanish shorthand "!
(babel)             in language  on input line 111.
Package babel Info: Redefining spanish shorthand "?
(babel)             in language  on input line 111.
Package babel Info: Redefining spanish shorthand <<
(babel)             in language  on input line 111.
Package babel Info: Redefining spanish shorthand >>
(babel)             in language  on input line 111.
Package babel Info: Redefining spanish shorthand "=
(babel)             in language  on input line 111.
Package babel Info: Redefining spanish shorthand "~
(babel)             in language  on input line 111.
Package babel Info: Redefining spanish shorthand "!
(babel)             in language  on input line 111.
Package babel Info: Redefining spanish shorthand "?
(babel)             in language  on input line 111.
Package babel Info: Redefining spanish shorthand <<
(babel)             in language  on input line 111.
Package babel Info: Redefining spanish shorthand >>
(babel)             in language  on input line 111.
Package babel Info: Redefining spanish shorthand "=
(babel)             in language  on input line 111.
Package babel Info: Redefining spanish shorthand "~
(babel)             in language  on input line 111.
Package babel Info: Redefining spanish shorthand "!
(babel)             in language  on input line 111.
Package babel Info: Redefining spanish shorthand "?
(babel)             in language  on input line 111.
 [3]
Package babel Info: Redefining spanish shorthand <<
(babel)             in language  on input line 111.
Package babel Info: Redefining spanish shorthand >>
(babel)             in language  on input line 111.
Package babel Info: Redefining spanish shorthand "=
(babel)             in language  on input line 111.
Package babel Info: Redefining spanish shorthand "~
(babel)             in language  on input line 111.
Package babel Info: Redefining spanish shorthand "!
(babel)             in language  on input line 111.
Package babel Info: Redefining spanish shorthand "?
(babel)             in language  on input line 111.
Package babel Info: Redefining spanish shorthand <<
(babel)             in language  on input line 111.
Package babel Info: Redefining spanish shorthand >>
(babel)             in language  on input line 111.
Package babel Info: Redefining spanish shorthand "=
(babel)             in language  on input line 111.
Package babel Info: Redefining spanish shorthand "~
(babel)             in language  on input line 111.
Package babel Info: Redefining spanish shorthand "!
(babel)             in language  on input line 111.
Package babel Info: Redefining spanish shorthand "?
(babel)             in language  on input line 111.
 [4

] (./TesisTotal.lot
LaTeX Info: Redefining \. on input line 1.
LaTeX Info: Redefining \% on input line 1.
)
\tf@lot=\write6
\openout6 = `TesisTotal.lot'.

Package babel Info: Redefining spanish shorthand <<
(babel)             in language  on input line 111.
Package babel Info: Redefining spanish shorthand >>
(babel)             in language  on input line 111.
Package babel Info: Redefining spanish shorthand "=
(babel)             in language  on input line 111.
Package babel Info: Redefining spanish shorthand "~
(babel)             in language  on input line 111.
Package babel Info: Redefining spanish shorthand "!
(babel)             in language  on input line 111.
Package babel Info: Redefining spanish shorthand "?
(babel)             in language  on input line 111.
Package babel Info: Redefining spanish shorthand <<
(babel)             in language  on input line 113.
Package babel Info: Redefining spanish shorthand >>
(babel)             in language  on input line 113.
Package babel Info: Redefining spanish shorthand "=
(babel)             in language  on input line 113.
Package babel Info: Redefining spanish shorthand "~
(babel)             in language  on input line 113.
Package babel Info: Redefining spanish shorthand "!
(babel)             in language  on input line 113.
Package babel Info: Redefining spanish shorthand "?
(babel)             in language  on input line 113.
Package babel Info: Redefining spanish shorthand <<
(babel)             in language  on input line 113.
Package babel Info: Redefining spanish shorthand >>
(babel)             in language  on input line 113.
Package babel Info: Redefining spanish shorthand "=
(babel)             in language  on input line 113.
Package babel Info: Redefining spanish shorthand "~
(babel)             in language  on input line 113.
Package babel Info: Redefining spanish shorthand "!
(babel)             in language  on input line 113.
Package babel Info: Redefining spanish shorthand "?
(babel)             in language  on input line 113.

[5]
\openout2 = `simbolos.aux'.

 (./simbolos.tex
Package babel Info: Redefining spanish shorthand <<
(babel)             in language  on input line 5.
Package babel Info: Redefining spanish shorthand >>
(babel)             in language  on input line 5.
Package babel Info: Redefining spanish shorthand "=
(babel)             in language  on input line 5.
Package babel Info: Redefining spanish shorthand "~
(babel)             in language  on input line 5.
Package babel Info: Redefining spanish shorthand "!
(babel)             in language  on input line 5.
Package babel Info: Redefining spanish shorthand "?
(babel)             in language  on input line 5.
Package babel Info: Redefining spanish shorthand <<
(babel)             in language  on input line 5.
Package babel Info: Redefining spanish shorthand >>
(babel)             in language  on input line 5.
Package babel Info: Redefining spanish shorthand "=
(babel)             in language  on input line 5.
Package babel Info: Redefining spanish shorthand "~
(babel)             in language  on input line 5.
Package babel Info: Redefining spanish shorthand "!
(babel)             in language  on input line 5.
Package babel Info: Redefining spanish shorthand "?
(babel)             in language  on input line 5.
 [6


]
Package babel Info: Redefining spanish shorthand <<
(babel)             in language  on input line 5.
Package babel Info: Redefining spanish shorthand >>
(babel)             in language  on input line 5.
Package babel Info: Redefining spanish shorthand "=
(babel)             in language  on input line 5.
Package babel Info: Redefining spanish shorthand "~
(babel)             in language  on input line 5.
Package babel Info: Redefining spanish shorthand "!
(babel)             in language  on input line 5.
Package babel Info: Redefining spanish shorthand "?
(babel)             in language  on input line 5.
LaTeX Font Info:    Try loading font information for T1+cmss on input line 8.
 (/usr/share/texlive/texmf-dist/tex/latex/base/t1cmss.fd
File: t1cmss.fd 2014/09/29 v2.5h Standard LaTeX font definitions
)
LaTeX Font Info:    Try loading font information for U+euf on input line 22.
 (/usr/share/texlive/texmf-dist/tex/latex/amsfonts/ueuf.fd
File: ueuf.fd 2013/01/14 v3.01 Euler Fraktur
))
Package babel Info: Redefining spanish shorthand <<
(babel)             in language  on input line 113.
Package babel Info: Redefining spanish shorthand >>
(babel)             in language  on input line 113.
Package babel Info: Redefining spanish shorthand "=
(babel)             in language  on input line 113.
Package babel Info: Redefining spanish shorthand "~
(babel)             in language  on input line 113.
Package babel Info: Redefining spanish shorthand "!
(babel)             in language  on input line 113.
Package babel Info: Redefining spanish shorthand "?
(babel)             in language  on input line 113.
Package babel Info: Redefining spanish shorthand <<
(babel)             in language  on input line 113.
Package babel Info: Redefining spanish shorthand >>
(babel)             in language  on input line 113.
Package babel Info: Redefining spanish shorthand "=
(babel)             in language  on input line 113.
Package babel Info: Redefining spanish shorthand "~
(babel)             in language  on input line 113.
Package babel Info: Redefining spanish shorthand "!
(babel)             in language  on input line 113.
Package babel Info: Redefining spanish shorthand "?
(babel)             in language  on input line 113.
 [7]
\openout2 = `objetivos.aux'.


(./objetivos.tex
Package babel Info: Redefining spanish shorthand <<
(babel)             in language  on input line 2.
Package babel Info: Redefining spanish shorthand >>
(babel)             in language  on input line 2.
Package babel Info: Redefining spanish shorthand "=
(babel)             in language  on input line 2.
Package babel Info: Redefining spanish shorthand "~
(babel)             in language  on input line 2.
Package babel Info: Redefining spanish shorthand "!
(babel)             in language  on input line 2.
Package babel Info: Redefining spanish shorthand "?
(babel)             in language  on input line 2.
Package babel Info: Redefining spanish shorthand <<
(babel)             in language  on input line 2.
Package babel Info: Redefining spanish shorthand >>
(babel)             in language  on input line 2.
Package babel Info: Redefining spanish shorthand "=
(babel)             in language  on input line 2.
Package babel Info: Redefining spanish shorthand "~
(babel)             in language  on input line 2.
Package babel Info: Redefining spanish shorthand "!
(babel)             in language  on input line 2.
Package babel Info: Redefining spanish shorthand "?
(babel)             in language  on input line 2.
 [8



]
Package babel Info: Redefining spanish shorthand <<
(babel)             in language  on input line 2.
Package babel Info: Redefining spanish shorthand >>
(babel)             in language  on input line 2.
Package babel Info: Redefining spanish shorthand "=
(babel)             in language  on input line 2.
Package babel Info: Redefining spanish shorthand "~
(babel)             in language  on input line 2.
Package babel Info: Redefining spanish shorthand "!
(babel)             in language  on input line 2.
Package babel Info: Redefining spanish shorthand "?
(babel)             in language  on input line 2.
)
Package babel Info: Redefining spanish shorthand <<
(babel)             in language  on input line 115.
Package babel Info: Redefining spanish shorthand >>
(babel)             in language  on input line 115.
Package babel Info: Redefining spanish shorthand "=
(babel)             in language  on input line 115.
Package babel Info: Redefining spanish shorthand "~
(babel)             in language  on input line 115.
Package babel Info: Redefining spanish shorthand "!
(babel)             in language  on input line 115.
Package babel Info: Redefining spanish shorthand "?
(babel)             in language  on input line 115.
Package babel Info: Redefining spanish shorthand <<
(babel)             in language  on input line 115.
Package babel Info: Redefining spanish shorthand >>
(babel)             in language  on input line 115.
Package babel Info: Redefining spanish shorthand "=
(babel)             in language  on input line 115.
Package babel Info: Redefining spanish shorthand "~
(babel)             in language  on input line 115.
Package babel Info: Redefining spanish shorthand "!
(babel)             in language  on input line 115.
Package babel Info: Redefining spanish shorthand "?
(babel)             in language  on input line 115.
 [9]
\openout2 = `introduccion.aux'.

 (./introduccion.tex
Package babel Info: Redefining spanish shorthand <<
(babel)             in language  on input line 2.
Package babel Info: Redefining spanish shorthand >>
(babel)             in language  on input line 2.
Package babel Info: Redefining spanish shorthand "=
(babel)             in language  on input line 2.
Package babel Info: Redefining spanish shorthand "~
(babel)             in language  on input line 2.
Package babel Info: Redefining spanish shorthand "!
(babel)             in language  on input line 2.
Package babel Info: Redefining spanish shorthand "?
(babel)             in language  on input line 2.
Package babel Info: Redefining spanish shorthand <<
(babel)             in language  on input line 2.
Package babel Info: Redefining spanish shorthand >>
(babel)             in language  on input line 2.
Package babel Info: Redefining spanish shorthand "=
(babel)             in language  on input line 2.
Package babel Info: Redefining spanish shorthand "~
(babel)             in language  on input line 2.
Package babel Info: Redefining spanish shorthand "!
(babel)             in language  on input line 2.
Package babel Info: Redefining spanish shorthand "?
(babel)             in language  on input line 2.
 [10



]
Package babel Info: Redefining spanish shorthand <<
(babel)             in language  on input line 2.
Package babel Info: Redefining spanish shorthand >>
(babel)             in language  on input line 2.
Package babel Info: Redefining spanish shorthand "=
(babel)             in language  on input line 2.
Package babel Info: Redefining spanish shorthand "~
(babel)             in language  on input line 2.
Package babel Info: Redefining spanish shorthand "!
(babel)             in language  on input line 2.
Package babel Info: Redefining spanish shorthand "?
(babel)             in language  on input line 2.
)
Package babel Info: Redefining spanish shorthand <<
(babel)             in language  on input line 117.
Package babel Info: Redefining spanish shorthand >>
(babel)             in language  on input line 117.
Package babel Info: Redefining spanish shorthand "=
(babel)             in language  on input line 117.
Package babel Info: Redefining spanish shorthand "~
(babel)             in language  on input line 117.
Package babel Info: Redefining spanish shorthand "!
(babel)             in language  on input line 117.
Package babel Info: Redefining spanish shorthand "?
(babel)             in language  on input line 117.
Package babel Info: Redefining spanish shorthand <<
(babel)             in language  on input line 117.
Package babel Info: Redefining spanish shorthand >>
(babel)             in language  on input line 117.
Package babel Info: Redefining spanish shorthand "=
(babel)             in language  on input line 117.
Package babel Info: Redefining spanish shorthand "~
(babel)             in language  on input line 117.
Package babel Info: Redefining spanish shorthand "!
(babel)             in language  on input line 117.
Package babel Info: Redefining spanish shorthand "?
(babel)             in language  on input line 117.
 [11]
Package babel Info: Redefining spanish shorthand <<
(babel)             in language  on input line 119.
Package babel Info: Redefining spanish shorthand >>
(babel)             in language  on input line 119.
Package babel Info: Redefining spanish shorthand "=
(babel)             in language  on input line 119.
Package babel Info: Redefining spanish shorthand "~
(babel)             in language  on input line 119.
Package babel Info: Redefining spanish shorthand "!
(babel)             in language  on input line 119.
Package babel Info: Redefining spanish shorthand "?
(babel)             in language  on input line 119.
Package babel Info: Redefining spanish shorthand <<
(babel)             in language  on input line 119.
Package babel Info: Redefining spanish shorthand >>
(babel)             in language  on input line 119.
Package babel Info: Redefining spanish shorthand "=
(babel)             in language  on input line 119.
Package babel Info: Redefining spanish shorthand "~
(babel)             in language  on input line 119.
Package babel Info: Redefining spanish shorthand "!
(babel)             in language  on input line 119.
Package babel Info: Redefining spanish shorthand "?
(babel)             in language  on input line 119.
 [12


]
\openout2 = `tch1.aux'.

 (./tch1.tex
Cap\'{\i }tulo 1.
Package babel Info: Redefining spanish shorthand <<
(babel)             in language  on input line 1.
Package babel Info: Redefining spanish shorthand >>
(babel)             in language  on input line 1.
Package babel Info: Redefining spanish shorthand "=
(babel)             in language  on input line 1.
Package babel Info: Redefining spanish shorthand "~
(babel)             in language  on input line 1.
Package babel Info: Redefining spanish shorthand "!
(babel)             in language  on input line 1.
Package babel Info: Redefining spanish shorthand "?
(babel)             in language  on input line 1.
Package babel Info: Redefining spanish shorthand <<
(babel)             in language  on input line 4.
Package babel Info: Redefining spanish shorthand >>
(babel)             in language  on input line 4.
Package babel Info: Redefining spanish shorthand "=
(babel)             in language  on input line 4.
Package babel Info: Redefining spanish shorthand "~
(babel)             in language  on input line 4.
Package babel Info: Redefining spanish shorthand "!
(babel)             in language  on input line 4.
Package babel Info: Redefining spanish shorthand "?
(babel)             in language  on input line 4.
)
Package babel Info: Redefining spanish shorthand <<
(babel)             in language  on input line 121.
Package babel Info: Redefining spanish shorthand >>
(babel)             in language  on input line 121.
Package babel Info: Redefining spanish shorthand "=
(babel)             in language  on input line 121.
Package babel Info: Redefining spanish shorthand "~
(babel)             in language  on input line 121.
Package babel Info: Redefining spanish shorthand "!
(babel)             in language  on input line 121.
Package babel Info: Redefining spanish shorthand "?
(babel)             in language  on input line 121.
Package babel Info: Redefining spanish shorthand <<
(babel)             in language  on input line 121.
Package babel Info: Redefining spanish shorthand >>
(babel)             in language  on input line 121.
Package babel Info: Redefining spanish shorthand "=
(babel)             in language  on input line 121.
Package babel Info: Redefining spanish shorthand "~
(babel)             in language  on input line 121.
Package babel Info: Redefining spanish shorthand "!
(babel)             in language  on input line 121.
Package babel Info: Redefining spanish shorthand "?
(babel)             in language  on input line 121.
pdfTeX warning (ext4): destination with the same identifier (name{page.1}) has 
been already used, duplicate ignored
<to be read again> 
                   \relax 
l.121 \include{tch1}
                          % Cap. 1 [1


]
Package babel Info: Redefining spanish shorthand <<
(babel)             in language  on input line 127.
Package babel Info: Redefining spanish shorthand >>
(babel)             in language  on input line 127.
Package babel Info: Redefining spanish shorthand "=
(babel)             in language  on input line 127.
Package babel Info: Redefining spanish shorthand "~
(babel)             in language  on input line 127.
Package babel Info: Redefining spanish shorthand "!
(babel)             in language  on input line 127.
Package babel Info: Redefining spanish shorthand "?
(babel)             in language  on input line 127.
Package babel Info: Redefining spanish shorthand <<
(babel)             in language  on input line 127.
Package babel Info: Redefining spanish shorthand >>
(babel)             in language  on input line 127.
Package babel Info: Redefining spanish shorthand "=
(babel)             in language  on input line 127.
Package babel Info: Redefining spanish shorthand "~
(babel)             in language  on input line 127.
Package babel Info: Redefining spanish shorthand "!
(babel)             in language  on input line 127.
Package babel Info: Redefining spanish shorthand "?
(babel)             in language  on input line 127.
pdfTeX warning (ext4): destination with the same identifier (name{page.2}) has 
been already used, duplicate ignored
<to be read again> 
                   \relax 
l.127 {\backmatter
                       %	Capítulos no van numerados -----------------------...
[2


]
\openout2 = `c_y_r.aux'.

 (./c_y_r.tex
Package babel Info: Redefining spanish shorthand <<
(babel)             in language  on input line 4.
Package babel Info: Redefining spanish shorthand >>
(babel)             in language  on input line 4.
Package babel Info: Redefining spanish shorthand "=
(babel)             in language  on input line 4.
Package babel Info: Redefining spanish shorthand "~
(babel)             in language  on input line 4.
Package babel Info: Redefining spanish shorthand "!
(babel)             in language  on input line 4.
Package babel Info: Redefining spanish shorthand "?
(babel)             in language  on input line 4.
Package babel Info: Redefining spanish shorthand <<
(babel)             in language  on input line 11.
Package babel Info: Redefining spanish shorthand >>
(babel)             in language  on input line 11.
Package babel Info: Redefining spanish shorthand "=
(babel)             in language  on input line 11.
Package babel Info: Redefining spanish shorthand "~
(babel)             in language  on input line 11.
Package babel Info: Redefining spanish shorthand "!
(babel)             in language  on input line 11.
Package babel Info: Redefining spanish shorthand "?
(babel)             in language  on input line 11.
Package babel Info: Redefining spanish shorthand <<
(babel)             in language  on input line 11.
Package babel Info: Redefining spanish shorthand >>
(babel)             in language  on input line 11.
Package babel Info: Redefining spanish shorthand "=
(babel)             in language  on input line 11.
Package babel Info: Redefining spanish shorthand "~
(babel)             in language  on input line 11.
Package babel Info: Redefining spanish shorthand "!
(babel)             in language  on input line 11.
Package babel Info: Redefining spanish shorthand "?
(babel)             in language  on input line 11.
pdfTeX warning (ext4): destination with the same identifier (name{page.3}) has 
been already used, duplicate ignored
<to be read again> 
                   \relax 
l.11 \chapter
             {RECOMENDACIONES} [3


]
Package babel Info: Redefining spanish shorthand <<
(babel)             in language  on input line 11.
Package babel Info: Redefining spanish shorthand >>
(babel)             in language  on input line 11.
Package babel Info: Redefining spanish shorthand "=
(babel)             in language  on input line 11.
Package babel Info: Redefining spanish shorthand "~
(babel)             in language  on input line 11.
Package babel Info: Redefining spanish shorthand "!
(babel)             in language  on input line 11.
Package babel Info: Redefining spanish shorthand "?
(babel)             in language  on input line 11.
Package babel Info: Redefining spanish shorthand <<
(babel)             in language  on input line 11.
Package babel Info: Redefining spanish shorthand >>
(babel)             in language  on input line 11.
Package babel Info: Redefining spanish shorthand "=
(babel)             in language  on input line 11.
Package babel Info: Redefining spanish shorthand "~
(babel)             in language  on input line 11.
Package babel Info: Redefining spanish shorthand "!
(babel)             in language  on input line 11.
Package babel Info: Redefining spanish shorthand "?
(babel)             in language  on input line 11.
pdfTeX warning (ext4): destination with the same identifier (name{page.4}) has 
been already used, duplicate ignored
<to be read again> 
                   \relax 
l.11 \chapter
             {RECOMENDACIONES} [4

]
Package babel Info: Redefining spanish shorthand <<
(babel)             in language  on input line 11.
Package babel Info: Redefining spanish shorthand >>
(babel)             in language  on input line 11.
Package babel Info: Redefining spanish shorthand "=
(babel)             in language  on input line 11.
Package babel Info: Redefining spanish shorthand "~
(babel)             in language  on input line 11.
Package babel Info: Redefining spanish shorthand "!
(babel)             in language  on input line 11.
Package babel Info: Redefining spanish shorthand "?
(babel)             in language  on input line 11.
)
Package babel Info: Redefining spanish shorthand <<
(babel)             in language  on input line 129.
Package babel Info: Redefining spanish shorthand >>
(babel)             in language  on input line 129.
Package babel Info: Redefining spanish shorthand "=
(babel)             in language  on input line 129.
Package babel Info: Redefining spanish shorthand "~
(babel)             in language  on input line 129.
Package babel Info: Redefining spanish shorthand "!
(babel)             in language  on input line 129.
Package babel Info: Redefining spanish shorthand "?
(babel)             in language  on input line 129.
Package babel Info: Redefining spanish shorthand <<
(babel)             in language  on input line 129.
Package babel Info: Redefining spanish shorthand >>
(babel)             in language  on input line 129.
Package babel Info: Redefining spanish shorthand "=
(babel)             in language  on input line 129.
Package babel Info: Redefining spanish shorthand "~
(babel)             in language  on input line 129.
Package babel Info: Redefining spanish shorthand "!
(babel)             in language  on input line 129.
Package babel Info: Redefining spanish shorthand "?
(babel)             in language  on input line 129.
pdfTeX warning (ext4): destination with the same identifier (name{page.5}) has 
been already used, duplicate ignored
<to be read again> 
                   \relax 
l.129 \include{c_y_r}
                          % Conclusiones y recomendaciones [5]
\openout2 = `bbtesis.aux'.

 (./bbtesis.tex
Package babel Info: Redefining spanish shorthand <<
(babel)             in language  on input line 1.
Package babel Info: Redefining spanish shorthand >>
(babel)             in language  on input line 1.
Package babel Info: Redefining spanish shorthand "=
(babel)             in language  on input line 1.
Package babel Info: Redefining spanish shorthand "~
(babel)             in language  on input line 1.
Package babel Info: Redefining spanish shorthand "!
(babel)             in language  on input line 1.
Package babel Info: Redefining spanish shorthand "?
(babel)             in language  on input line 1.
Package babel Info: Redefining spanish shorthand <<
(babel)             in language  on input line 1.
Package babel Info: Redefining spanish shorthand >>
(babel)             in language  on input line 1.
Package babel Info: Redefining spanish shorthand "=
(babel)             in language  on input line 1.
Package babel Info: Redefining spanish shorthand "~
(babel)             in language  on input line 1.
Package babel Info: Redefining spanish shorthand "!
(babel)             in language  on input line 1.
Package babel Info: Redefining spanish shorthand "?
(babel)             in language  on input line 1.
pdfTeX warning (ext4): destination with the same identifier (name{page.6}) has 
been already used, duplicate ignored
<to be read again> 
                   \relax 
l.1 \begin{thebibliography}{99}
                                [6



]
Package babel Info: Redefining spanish shorthand <<
(babel)             in language  on input line 1.
Package babel Info: Redefining spanish shorthand >>
(babel)             in language  on input line 1.
Package babel Info: Redefining spanish shorthand "=
(babel)             in language  on input line 1.
Package babel Info: Redefining spanish shorthand "~
(babel)             in language  on input line 1.
Package babel Info: Redefining spanish shorthand "!
(babel)             in language  on input line 1.
Package babel Info: Redefining spanish shorthand "?
(babel)             in language  on input line 1.
LaTeX Font Info:    Try loading font information for T1+cmtt on input line 20.

(/usr/share/texlive/texmf-dist/tex/latex/base/t1cmtt.fd
File: t1cmtt.fd 2014/09/29 v2.5h Standard LaTeX font definitions
)
Package babel Info: Redefining spanish shorthand <<
(babel)             in language  on input line 47.
Package babel Info: Redefining spanish shorthand >>
(babel)             in language  on input line 47.
Package babel Info: Redefining spanish shorthand "=
(babel)             in language  on input line 47.
Package babel Info: Redefining spanish shorthand "~
(babel)             in language  on input line 47.
Package babel Info: Redefining spanish shorthand "!
(babel)             in language  on input line 47.
Package babel Info: Redefining spanish shorthand "?
(babel)             in language  on input line 47.
Package babel Info: Redefining spanish shorthand <<
(babel)             in language  on input line 47.
Package babel Info: Redefining spanish shorthand >>
(babel)             in language  on input line 47.
Package babel Info: Redefining spanish shorthand "=
(babel)             in language  on input line 47.
Package babel Info: Redefining spanish shorthand "~
(babel)             in language  on input line 47.
Package babel Info: Redefining spanish shorthand "!
(babel)             in language  on input line 47.
Package babel Info: Redefining spanish shorthand "?
(babel)             in language  on input line 47.
pdfTeX warning (ext4): destination with the same identifier (name{page.7}) has 
been already used, duplicate ignored
<to be read again> 
                   \relax 
l.47 \bibitem{liu}
                   K. Liu, X. Sun, and S.-T. Yau. Goodness of canonical metr...
[7])
Package babel Info: Redefining spanish shorthand <<
(babel)             in language  on input line 131.
Package babel Info: Redefining spanish shorthand >>
(babel)             in language  on input line 131.
Package babel Info: Redefining spanish shorthand "=
(babel)             in language  on input line 131.
Package babel Info: Redefining spanish shorthand "~
(babel)             in language  on input line 131.
Package babel Info: Redefining spanish shorthand "!
(babel)             in language  on input line 131.
Package babel Info: Redefining spanish shorthand "?
(babel)             in language  on input line 131.
Package babel Info: Redefining spanish shorthand <<
(babel)             in language  on input line 131.
Package babel Info: Redefining spanish shorthand >>
(babel)             in language  on input line 131.
Package babel Info: Redefining spanish shorthand "=
(babel)             in language  on input line 131.
Package babel Info: Redefining spanish shorthand "~
(babel)             in language  on input line 131.
Package babel Info: Redefining spanish shorthand "!
(babel)             in language  on input line 131.
Package babel Info: Redefining spanish shorthand "?
(babel)             in language  on input line 131.
pdfTeX warning (ext4): destination with the same identifier (name{page.8}) has 
been already used, duplicate ignored
<to be read again> 
                   \relax 
l.131 \include{bbtesis}
                          % Bibliografía [8]
Package atveryend Info: Empty hook `BeforeClearDocument' on input line 141.
Package atveryend Info: Empty hook `AfterLastShipout' on input line 141.
 (./TesisTotal.aux
LaTeX Info: Redefining \. on input line 23.
LaTeX Info: Redefining \% on input line 23.

(./agradecimientos.aux) (./dedicatoria.aux) (./simbolos.aux) (./objetivos.aux)
(./introduccion.aux) (./tch1.aux) (./c_y_r.aux) (./bbtesis.aux))
Package atveryend Info: Executing hook `AtVeryEndDocument' on input line 141.
Package atveryend Info: Executing hook `AtEndAfterFileList' on input line 141.
Package rerunfilecheck Info: File `TesisTotal.out' has not changed.
(rerunfilecheck)             Checksum: FF15B66AA38E319461C27F4926ECCCAD;750.
Package atveryend Info: Empty hook `AtVeryVeryEnd' on input line 141.
 ) 
Here is how much of TeX's memory you used:
 10047 strings out of 493029
 144456 string characters out of 6136235
 249534 words of memory out of 5000000
 13249 multiletter control sequences out of 15000+600000
 18011 words of font info for 50 fonts, out of 8000000 for 9000
 1141 hyphenation exceptions out of 8191
 43i,18n,44p,343b,619s stack positions out of 5000i,500n,10000p,200000b,80000s
{/usr/share/texmf/fonts/enc/dvips/cm-super/cm-super-t1.enc}</usr/share/texliv
e/texmf-dist/fonts/type1/public/amsfonts/cm/cmmi12.pfb></usr/share/texlive/texm
f-dist/fonts/type1/public/amsfonts/cm/cmmi8.pfb></usr/share/texlive/texmf-dist/
fonts/type1/public/amsfonts/cm/cmr12.pfb></usr/share/texlive/texmf-dist/fonts/t
ype1/public/amsfonts/cm/cmr8.pfb></usr/share/texlive/texmf-dist/fonts/type1/pub
lic/amsfonts/cm/cmsy10.pfb></usr/share/texlive/texmf-dist/fonts/type1/public/am
sfonts/cm/cmsy8.pfb></usr/share/texlive/texmf-dist/fonts/type1/public/amsfonts/
euler/eufm10.pfb></usr/share/texlive/texmf-dist/fonts/type1/public/amsfonts/sym
bols/msbm10.pfb></usr/share/texlive/texmf-dist/fonts/type1/public/rsfs/rsfs10.p
fb></usr/share/texmf/fonts/type1/public/cm-super/sfbx1200.pfb></usr/share/texmf
/fonts/type1/public/cm-super/sfbx1440.pfb></usr/share/texmf/fonts/type1/public/
cm-super/sfbx1728.pfb></usr/share/texmf/fonts/type1/public/cm-super/sfcc1200.pf
b></usr/share/texmf/fonts/type1/public/cm-super/sfrm0800.pfb></usr/share/texmf/
fonts/type1/public/cm-super/sfrm1200.pfb></usr/share/texmf/fonts/type1/public/c
m-super/sfss1200.pfb></usr/share/texmf/fonts/type1/public/cm-super/sfti1200.pfb
></usr/share/texmf/fonts/type1/public/cm-super/sftt1200.pfb></usr/share/texmf/f
onts/type1/public/cm-super/sfxc1200.pfb>
Output written on TesisTotal.pdf (32 pages, 387337 bytes).
PDF statistics:
 351 PDF objects out of 1000 (max. 8388607)
 286 compressed objects within 3 object streams
 74 named destinations out of 1000 (max. 500000)
 130 words of extra memory for PDF output out of 10000 (max. 10000000)

