\BOOKMARK [0][-]{prt.0}{PORTADA}{}% 1
\BOOKMARK [1][-]{idn.1}{IDENTIFICACI\323N}{prt.0}% 2
\BOOKMARK [1][-]{ndj.1}{N\323MINA DEL CONSEJO DIRECTIVO}{prt.0}% 3
\BOOKMARK [0][-]{chapter*.7}{\315NDICE DE FIGURAS}{}% 4
\BOOKMARK [0][-]{chapter*.8}{\315NDICE DE TABLAS}{}% 5
\BOOKMARK [0][-]{chapter*.9}{LISTA DE S\315MBOLOS}{}% 6
\BOOKMARK [0][-]{chapter*.10}{OBJETIVOS}{}% 7
\BOOKMARK [0][-]{chapter*.13}{INTRODUCCI\323N}{}% 8
\BOOKMARK [0][-]{chapter.1}{1 CONCEPTOS PRELIMINARES}{}% 9
\BOOKMARK [1][-]{section.1.1}{1.1 subespacios, espacio cociente}{chapter.1}% 10
\BOOKMARK [2][-]{subsection.1.1.1}{1.1.1 Subespacios}{section.1.1}% 11
\BOOKMARK [2][-]{subsection.1.1.2}{1.1.2 Espacio Cociente}{section.1.1}% 12
\BOOKMARK [1][-]{section.1.2}{1.2 Topolog\355a cociente}{chapter.1}% 13
\BOOKMARK [0][-]{chapter.2}{2 SUPERFICIES}{}% 14
\BOOKMARK [0][-]{chapter.3}{3 EL GRUPO FUNDAMENTAL}{}% 15
\BOOKMARK [0][-]{chapter.4}{4 TRIANGULAC\323N DE SUPERFICIES}{}% 16
\BOOKMARK [0][-]{chapter.5}{5 CLASIFICACI\323N DE SUPERFICIES}{}% 17
\BOOKMARK [0][-]{chapter*.14}{CONCLUSIONES}{}% 18
\BOOKMARK [0][-]{chapter*.15}{RECOMENDACIONES}{}% 19
\BOOKMARK [0][-]{chapter*.16}{Referencias}{}% 20
